#
# There is insufficient memory for the Java Runtime Environment to continue.
# Native memory allocation (mmap) failed to map 25165824 bytes for G1 virtual space
# Possible reasons:
#   The system is out of physical RAM or swap space
#   The process is running with CompressedOops enabled, and the Java Heap may be blocking the growth of the native heap
# Possible solutions:
#   Reduce memory load on the system
#   Increase physical memory or swap space
#   Check if swap backing store is full
#   Decrease Java heap size (-Xmx/-Xms)
#   Decrease number of Java threads
#   Decrease Java thread stack sizes (-Xss)
#   Set larger code cache with -XX:ReservedCodeCacheSize=
#   JVM is running with Unscaled Compressed Oops mode in which the Java heap is
#     placed in the first 4GB address space. The Java Heap base address is the
#     maximum limit for the native heap growth. Please use -XX:HeapBaseMinAddress
#     to set the Java Heap base and to place the Java Heap above 4GB virtual address.
# This output file may be truncated or incomplete.
#
#  Out of Memory Error (os_windows.cpp:3532), pid=12040, tid=3796
#
# JRE version: OpenJDK Runtime Environment (17.0.2+8) (build 17.0.2+8-86)
# Java VM: OpenJDK 64-Bit Server VM (17.0.2+8-86, mixed mode, sharing, tiered, compressed oops, compressed class ptrs, g1 gc, windows-amd64)
# No core dump will be written. Minidumps are not enabled by default on client versions of Windows
#

---------------  S U M M A R Y ------------

Command Line: org.jetbrains.kotlin.cli.jvm.K2JVMCompiler @D:\DoanVanNghiep_KLTN\fe_flutter_kltn\build\shared_preferences_android\20250419_15374811185981607105.compiler.options

Host: 11th Gen Intel(R) Core(TM) i5-1135G7 @ 2.40GHz, 8 cores, 7G,  Windows 11 , 64 bit Build 22621 (10.0.22621.5124)
Time: Sat Apr 19 09:16:05 2025 SE Asia Standard Time elapsed time: 32.432004 seconds (0d 0h 0m 32s)

---------------  T H R E A D  ---------------

Current thread (0x000001a3297e5a60):  VMThread "VM Thread" [stack: 0x000000642dd00000,0x000000642de00000] [id=3796]

Stack: [0x000000642dd00000,0x000000642de00000]
Native frames: (J=compiled Java code, j=interpreted, Vv=VM code, C=native code)
V  [jvm.dll+0x670baa]
V  [jvm.dll+0x7cfcb4]
V  [jvm.dll+0x7d145e]
V  [jvm.dll+0x7d1ac3]
V  [jvm.dll+0x242bc5]
V  [jvm.dll+0x66dac9]
V  [jvm.dll+0x662412]
V  [jvm.dll+0x300c0b]
V  [jvm.dll+0x3081a6]
V  [jvm.dll+0x357d0e]
V  [jvm.dll+0x357f3f]
V  [jvm.dll+0x2d7ec8]
V  [jvm.dll+0x2d6194]
V  [jvm.dll+0x2d579c]
V  [jvm.dll+0x319411]
V  [jvm.dll+0x7d5f9b]
V  [jvm.dll+0x7d6cd4]
V  [jvm.dll+0x7d71ec]
V  [jvm.dll+0x7d75c4]
V  [jvm.dll+0x7d7690]
V  [jvm.dll+0x77ff7a]
V  [jvm.dll+0x66fa35]
C  [ucrtbase.dll+0x29333]
C  [KERNEL32.DLL+0x1259d]
C  [ntdll.dll+0x5af38]

VM_Operation (0x000000642d7fc900): G1TryInitiateConcMark, mode: safepoint, requested by thread 0x000001a30b923e40


---------------  P R O C E S S  ---------------

Threads class SMR info:
_java_thread_list=0x000001a32a4c1d70, length=12, elements={
0x000001a30b923e40, 0x000001a3297ecbb0, 0x000001a3297ed560, 0x000001a329800f00,
0x000001a3298018b0, 0x000001a329804270, 0x000001a329804c20, 0x000001a3298059b0,
0x000001a329806450, 0x000001a3298075e0, 0x000001a32a4bc4e0, 0x000001a32a4c4c60
}

Java Threads: ( => current thread )
  0x000001a30b923e40 JavaThread "main" [_thread_blocked, id=5184, stack(0x000000642d700000,0x000000642d800000)]
  0x000001a3297ecbb0 JavaThread "Reference Handler" daemon [_thread_blocked, id=13752, stack(0x000000642de00000,0x000000642df00000)]
  0x000001a3297ed560 JavaThread "Finalizer" daemon [_thread_blocked, id=4876, stack(0x000000642df00000,0x000000642e000000)]
  0x000001a329800f00 JavaThread "Signal Dispatcher" daemon [_thread_blocked, id=5180, stack(0x000000642e000000,0x000000642e100000)]
  0x000001a3298018b0 JavaThread "Attach Listener" daemon [_thread_blocked, id=12472, stack(0x000000642e100000,0x000000642e200000)]
  0x000001a329804270 JavaThread "Service Thread" daemon [_thread_blocked, id=7092, stack(0x000000642e200000,0x000000642e300000)]
  0x000001a329804c20 JavaThread "Monitor Deflation Thread" daemon [_thread_blocked, id=8652, stack(0x000000642e300000,0x000000642e400000)]
  0x000001a3298059b0 JavaThread "C2 CompilerThread0" daemon [_thread_blocked, id=13572, stack(0x000000642e400000,0x000000642e500000)]
  0x000001a329806450 JavaThread "C1 CompilerThread0" daemon [_thread_blocked, id=10392, stack(0x000000642e500000,0x000000642e600000)]
  0x000001a3298075e0 JavaThread "Sweeper thread" daemon [_thread_blocked, id=12224, stack(0x000000642e600000,0x000000642e700000)]
  0x000001a32a4bc4e0 JavaThread "Notification Thread" daemon [_thread_blocked, id=12972, stack(0x000000642e700000,0x000000642e800000)]
  0x000001a32a4c4c60 JavaThread "Common-Cleaner" daemon [_thread_blocked, id=4136, stack(0x000000642e900000,0x000000642ea00000)]

Other Threads:
=>0x000001a3297e5a60 VMThread "VM Thread" [stack: 0x000000642dd00000,0x000000642de00000] [id=3796]
  0x000001a32a4bc9b0 WatcherThread [stack: 0x000000642e800000,0x000000642e900000] [id=13976]
  0x000001a30b962f60 GCTaskThread "GC Thread#0" [stack: 0x000000642d800000,0x000000642d900000] [id=10376]
  0x000001a32a9bd1d0 GCTaskThread "GC Thread#1" [stack: 0x000000642ea00000,0x000000642eb00000] [id=8984]
  0x000001a32a9a8e70 GCTaskThread "GC Thread#2" [stack: 0x000000642eb00000,0x000000642ec00000] [id=13884]
  0x000001a32a9c2200 GCTaskThread "GC Thread#3" [stack: 0x000000642ec00000,0x000000642ed00000] [id=12888]
  0x000001a32a9c24b0 GCTaskThread "GC Thread#4" [stack: 0x000000642ed00000,0x000000642ee00000] [id=5128]
  0x000001a32ab59950 GCTaskThread "GC Thread#5" [stack: 0x000000642ee00000,0x000000642ef00000] [id=584]
  0x000001a32ad94190 GCTaskThread "GC Thread#6" [stack: 0x000000642ef00000,0x000000642f000000] [id=7096]
  0x000001a32ae608a0 GCTaskThread "GC Thread#7" [stack: 0x000000642f000000,0x000000642f100000] [id=8660]
  0x000001a30b973620 ConcurrentGCThread "G1 Main Marker" [stack: 0x000000642d900000,0x000000642da00000] [id=8260]
  0x000001a30b974030 ConcurrentGCThread "G1 Conc#0" [stack: 0x000000642da00000,0x000000642db00000] [id=8016]
  0x000001a32ae5f5d0 ConcurrentGCThread "G1 Conc#1" [stack: 0x000000642f100000,0x000000642f200000] [id=13180]
  0x000001a30b9eb7d0 ConcurrentGCThread "G1 Refine#0" [stack: 0x000000642db00000,0x000000642dc00000] [id=1792]
  0x000001a32da569a0 ConcurrentGCThread "G1 Refine#1" [stack: 0x000000642f200000,0x000000642f300000] [id=5600]
  0x000001a30b9ec990 ConcurrentGCThread "G1 Service" [stack: 0x000000642dc00000,0x000000642dd00000] [id=7296]

Threads with active compile tasks:

VM state: at safepoint (normal execution)

VM Mutex/Monitor currently owned by a thread:  ([mutex/lock_event])
[0x000001a30b920470] Threads_lock - owner thread: 0x000001a3297e5a60
[0x000001a30b920230] Heap_lock - owner thread: 0x000001a30b923e40

Heap address: 0x0000000084400000, size: 1980 MB, Compressed Oops mode: 32-bit

CDS archive(s) mapped at: [0x0000000800000000-0x0000000800bc0000-0x0000000800bc0000), size 12320768, SharedBaseAddress: 0x0000000800000000, ArchiveRelocationMode: 0.
Compressed class space mapped at: 0x0000000800c00000-0x0000000840c00000, reserved size: 1073741824
Narrow klass base: 0x0000000800000000, Narrow klass shift: 0, Narrow klass range: 0x100000000

GC Precious Log:
 CPUs: 8 total, 8 available
 Memory: 7914M
 Large Page Support: Disabled
 NUMA Support: Disabled
 Compressed Oops: Enabled (32-bit)
 Heap Region Size: 1M
 Heap Min Capacity: 8M
 Heap Initial Capacity: 124M
 Heap Max Capacity: 1980M
 Pre-touch: Disabled
 Parallel Workers: 8
 Concurrent Workers: 2
 Concurrent Refinement Workers: 8
 Periodic GC: Disabled

Heap:
 garbage-first heap   total 102400K, used 54619K [0x0000000084400000, 0x0000000100000000)
  region size 1024K, 1 young (1024K), 1 survivors (1024K)
 Metaspace       used 77701K, committed 78016K, reserved 1122304K
  class space    used 8712K, committed 8832K, reserved 1048576K

Heap Regions: E=young(eden), S=young(survivor), O=old, HS=humongous(starts), HC=humongous(continues), CS=collection set, F=free, OA=open archive, CA=closed archive, TAMS=top-at-mark-start (previous, next)
|   0|0x0000000084400000, 0x0000000084500000, 0x0000000084500000|100%|HS|  |TAMS 0x0000000084500000, 0x0000000084500000| Complete 
|   1|0x0000000084500000, 0x0000000084600000, 0x0000000084600000|100%|HC|  |TAMS 0x0000000084600000, 0x0000000084600000| Complete 
|   2|0x0000000084600000, 0x0000000084700000, 0x0000000084700000|100%|HC|  |TAMS 0x0000000084700000, 0x0000000084700000| Complete 
|   3|0x0000000084700000, 0x0000000084800000, 0x0000000084800000|100%|HC|  |TAMS 0x0000000084800000, 0x0000000084800000| Complete 
|   4|0x0000000084800000, 0x0000000084900000, 0x0000000084900000|100%| O|  |TAMS 0x0000000084900000, 0x0000000084900000| Untracked 
|   5|0x0000000084900000, 0x0000000084a00000, 0x0000000084a00000|100%| O|  |TAMS 0x0000000084a00000, 0x0000000084a00000| Untracked 
|   6|0x0000000084a00000, 0x0000000084ac7600, 0x0000000084b00000| 77%| O|  |TAMS 0x0000000084ac7600, 0x0000000084ac7600| Untracked 
|   7|0x0000000084b00000, 0x0000000084c00000, 0x0000000084c00000|100%|HS|  |TAMS 0x0000000084c00000, 0x0000000084c00000| Complete 
|   8|0x0000000084c00000, 0x0000000084d00000, 0x0000000084d00000|100%|HC|  |TAMS 0x0000000084d00000, 0x0000000084d00000| Complete 
|   9|0x0000000084d00000, 0x0000000084e00000, 0x0000000084e00000|100%|HC|  |TAMS 0x0000000084e00000, 0x0000000084e00000| Complete 
|  10|0x0000000084e00000, 0x0000000084f00000, 0x0000000084f00000|100%|HC|  |TAMS 0x0000000084f00000, 0x0000000084f00000| Complete 
|  11|0x0000000084f00000, 0x0000000085000000, 0x0000000085000000|100%| O|  |TAMS 0x0000000085000000, 0x0000000085000000| Untracked 
|  12|0x0000000085000000, 0x0000000085100000, 0x0000000085100000|100%| O|  |TAMS 0x0000000085100000, 0x0000000085100000| Untracked 
|  13|0x0000000085100000, 0x0000000085200000, 0x0000000085200000|100%| O|  |TAMS 0x0000000085200000, 0x0000000085200000| Untracked 
|  14|0x0000000085200000, 0x0000000085300000, 0x0000000085300000|100%| O|  |TAMS 0x0000000085300000, 0x0000000085300000| Untracked 
|  15|0x0000000085300000, 0x0000000085400000, 0x0000000085400000|100%| O|  |TAMS 0x0000000085400000, 0x0000000085400000| Untracked 
|  16|0x0000000085400000, 0x0000000085500000, 0x0000000085500000|100%| O|  |TAMS 0x0000000085500000, 0x0000000085500000| Untracked 
|  17|0x0000000085500000, 0x0000000085600000, 0x0000000085600000|100%| O|  |TAMS 0x0000000085600000, 0x0000000085600000| Untracked 
|  18|0x0000000085600000, 0x0000000085700000, 0x0000000085700000|100%| O|  |TAMS 0x0000000085700000, 0x0000000085700000| Untracked 
|  19|0x0000000085700000, 0x0000000085800000, 0x0000000085800000|100%| O|  |TAMS 0x0000000085800000, 0x0000000085800000| Untracked 
|  20|0x0000000085800000, 0x0000000085900000, 0x0000000085900000|100%|HS|  |TAMS 0x0000000085900000, 0x0000000085900000| Complete 
|  21|0x0000000085900000, 0x0000000085a00000, 0x0000000085a00000|100%|HC|  |TAMS 0x0000000085a00000, 0x0000000085a00000| Complete 
|  22|0x0000000085a00000, 0x0000000085b00000, 0x0000000085b00000|100%| O|  |TAMS 0x0000000085b00000, 0x0000000085b00000| Untracked 
|  23|0x0000000085b00000, 0x0000000085c00000, 0x0000000085c00000|100%| O|  |TAMS 0x0000000085c00000, 0x0000000085c00000| Untracked 
|  24|0x0000000085c00000, 0x0000000085d00000, 0x0000000085d00000|100%| O|  |TAMS 0x0000000085d00000, 0x0000000085d00000| Untracked 
|  25|0x0000000085d00000, 0x0000000085e00000, 0x0000000085e00000|100%| O|  |TAMS 0x0000000085e00000, 0x0000000085e00000| Untracked 
|  26|0x0000000085e00000, 0x0000000085f00000, 0x0000000085f00000|100%| O|  |TAMS 0x0000000085f00000, 0x0000000085f00000| Untracked 
|  27|0x0000000085f00000, 0x0000000086000000, 0x0000000086000000|100%| O|  |TAMS 0x0000000086000000, 0x0000000086000000| Untracked 
|  28|0x0000000086000000, 0x0000000086100000, 0x0000000086100000|100%| O|  |TAMS 0x0000000086100000, 0x0000000086100000| Untracked 
|  29|0x0000000086100000, 0x0000000086200000, 0x0000000086200000|100%| O|  |TAMS 0x0000000086200000, 0x0000000086200000| Untracked 
|  30|0x0000000086200000, 0x0000000086300000, 0x0000000086300000|100%| O|  |TAMS 0x0000000086300000, 0x0000000086300000| Untracked 
|  31|0x0000000086300000, 0x0000000086400000, 0x0000000086400000|100%| O|  |TAMS 0x0000000086400000, 0x0000000086400000| Untracked 
|  32|0x0000000086400000, 0x0000000086500000, 0x0000000086500000|100%| O|  |TAMS 0x0000000086500000, 0x0000000086500000| Untracked 
|  33|0x0000000086500000, 0x0000000086600000, 0x0000000086600000|100%| O|  |TAMS 0x0000000086600000, 0x0000000086600000| Untracked 
|  34|0x0000000086600000, 0x0000000086700000, 0x0000000086700000|100%| O|  |TAMS 0x0000000086700000, 0x0000000086700000| Untracked 
|  35|0x0000000086700000, 0x0000000086800000, 0x0000000086800000|100%| O|  |TAMS 0x0000000086800000, 0x0000000086800000| Untracked 
|  36|0x0000000086800000, 0x0000000086900000, 0x0000000086900000|100%| O|  |TAMS 0x0000000086900000, 0x0000000086900000| Untracked 
|  37|0x0000000086900000, 0x0000000086a00000, 0x0000000086a00000|100%| O|  |TAMS 0x0000000086a00000, 0x0000000086a00000| Untracked 
|  38|0x0000000086a00000, 0x0000000086b00000, 0x0000000086b00000|100%| O|  |TAMS 0x0000000086b00000, 0x0000000086b00000| Untracked 
|  39|0x0000000086b00000, 0x0000000086c00000, 0x0000000086c00000|100%| O|  |TAMS 0x0000000086c00000, 0x0000000086c00000| Untracked 
|  40|0x0000000086c00000, 0x0000000086d00000, 0x0000000086d00000|100%| O|  |TAMS 0x0000000086d00000, 0x0000000086d00000| Untracked 
|  41|0x0000000086d00000, 0x0000000086e00000, 0x0000000086e00000|100%| O|  |TAMS 0x0000000086e00000, 0x0000000086e00000| Untracked 
|  42|0x0000000086e00000, 0x0000000086f00000, 0x0000000086f00000|100%| O|  |TAMS 0x0000000086f00000, 0x0000000086f00000| Untracked 
|  43|0x0000000086f00000, 0x0000000087000000, 0x0000000087000000|100%| O|  |TAMS 0x0000000087000000, 0x0000000087000000| Untracked 
|  44|0x0000000087000000, 0x0000000087100000, 0x0000000087100000|100%| O|  |TAMS 0x0000000087100000, 0x0000000087100000| Untracked 
|  45|0x0000000087100000, 0x0000000087200000, 0x0000000087200000|100%| O|  |TAMS 0x0000000087200000, 0x0000000087200000| Untracked 
|  46|0x0000000087200000, 0x0000000087200000, 0x0000000087300000|  0%| F|  |TAMS 0x0000000087200000, 0x0000000087200000| Untracked 
|  47|0x0000000087300000, 0x0000000087400000, 0x0000000087400000|100%| O|  |TAMS 0x0000000087400000, 0x0000000087400000| Untracked 
|  48|0x0000000087400000, 0x0000000087500000, 0x0000000087500000|100%| O|  |TAMS 0x000000008746ac00, 0x0000000087500000| Untracked 
|  49|0x0000000087500000, 0x0000000087600000, 0x0000000087600000|100%| O|  |TAMS 0x0000000087500000, 0x0000000087600000| Untracked 
|  50|0x0000000087600000, 0x0000000087700000, 0x0000000087700000|100%| O|  |TAMS 0x0000000087600000, 0x0000000087700000| Untracked 
|  51|0x0000000087700000, 0x0000000087800000, 0x0000000087800000|100%| O|  |TAMS 0x0000000087700000, 0x0000000087800000| Untracked 
|  52|0x0000000087800000, 0x0000000087900000, 0x0000000087900000|100%| O|  |TAMS 0x0000000087800000, 0x0000000087900000| Untracked 
|  53|0x0000000087900000, 0x00000000879ea000, 0x0000000087a00000| 91%| O|  |TAMS 0x0000000087900000, 0x00000000879ea000| Untracked 
|  54|0x0000000087a00000, 0x0000000087a00000, 0x0000000087b00000|  0%| F|  |TAMS 0x0000000087a00000, 0x0000000087a00000| Untracked 
|  55|0x0000000087b00000, 0x0000000087b00000, 0x0000000087c00000|  0%| F|  |TAMS 0x0000000087b00000, 0x0000000087b00000| Untracked 
|  56|0x0000000087c00000, 0x0000000087c00000, 0x0000000087d00000|  0%| F|  |TAMS 0x0000000087c00000, 0x0000000087c00000| Untracked 
|  57|0x0000000087d00000, 0x0000000087d00000, 0x0000000087e00000|  0%| F|  |TAMS 0x0000000087d00000, 0x0000000087d00000| Untracked 
|  58|0x0000000087e00000, 0x0000000087e00000, 0x0000000087f00000|  0%| F|  |TAMS 0x0000000087e00000, 0x0000000087e00000| Untracked 
|  59|0x0000000087f00000, 0x0000000087f00000, 0x0000000088000000|  0%| F|  |TAMS 0x0000000087f00000, 0x0000000087f00000| Untracked 
|  60|0x0000000088000000, 0x0000000088000000, 0x0000000088100000|  0%| F|  |TAMS 0x0000000088000000, 0x0000000088000000| Untracked 
|  61|0x0000000088100000, 0x0000000088100000, 0x0000000088200000|  0%| F|  |TAMS 0x0000000088100000, 0x0000000088100000| Untracked 
|  62|0x0000000088200000, 0x0000000088200000, 0x0000000088300000|  0%| F|  |TAMS 0x0000000088200000, 0x0000000088200000| Untracked 
|  63|0x0000000088300000, 0x0000000088300000, 0x0000000088400000|  0%| F|  |TAMS 0x0000000088300000, 0x0000000088300000| Untracked 
|  64|0x0000000088400000, 0x0000000088400000, 0x0000000088500000|  0%| F|  |TAMS 0x0000000088400000, 0x0000000088400000| Untracked 
|  65|0x0000000088500000, 0x0000000088500000, 0x0000000088600000|  0%| F|  |TAMS 0x0000000088500000, 0x0000000088500000| Untracked 
|  66|0x0000000088600000, 0x0000000088600000, 0x0000000088700000|  0%| F|  |TAMS 0x0000000088600000, 0x0000000088600000| Untracked 
|  67|0x0000000088700000, 0x0000000088700000, 0x0000000088800000|  0%| F|  |TAMS 0x0000000088700000, 0x0000000088700000| Untracked 
|  68|0x0000000088800000, 0x0000000088800000, 0x0000000088900000|  0%| F|  |TAMS 0x0000000088800000, 0x0000000088800000| Untracked 
|  69|0x0000000088900000, 0x0000000088900000, 0x0000000088a00000|  0%| F|  |TAMS 0x0000000088900000, 0x0000000088900000| Untracked 
|  70|0x0000000088a00000, 0x0000000088a00000, 0x0000000088b00000|  0%| F|  |TAMS 0x0000000088a00000, 0x0000000088a00000| Untracked 
|  71|0x0000000088b00000, 0x0000000088b00000, 0x0000000088c00000|  0%| F|  |TAMS 0x0000000088b00000, 0x0000000088b00000| Untracked 
|  72|0x0000000088c00000, 0x0000000088c00000, 0x0000000088d00000|  0%| F|  |TAMS 0x0000000088c00000, 0x0000000088c00000| Untracked 
|  73|0x0000000088d00000, 0x0000000088d00000, 0x0000000088e00000|  0%| F|  |TAMS 0x0000000088d00000, 0x0000000088d00000| Untracked 
|  74|0x0000000088e00000, 0x0000000088e00000, 0x0000000088f00000|  0%| F|  |TAMS 0x0000000088e00000, 0x0000000088e00000| Untracked 
|  75|0x0000000088f00000, 0x0000000088f00000, 0x0000000089000000|  0%| F|  |TAMS 0x0000000088f00000, 0x0000000088f00000| Untracked 
|  76|0x0000000089000000, 0x00000000890a5840, 0x0000000089100000| 64%| S|CS|TAMS 0x0000000089000000, 0x0000000089000000| Complete 
|  77|0x0000000089100000, 0x0000000089100000, 0x0000000089200000|  0%| F|  |TAMS 0x0000000089100000, 0x0000000089100000| Untracked 
|  78|0x0000000089200000, 0x0000000089200000, 0x0000000089300000|  0%| F|  |TAMS 0x0000000089200000, 0x0000000089200000| Untracked 
|  79|0x0000000089300000, 0x0000000089300000, 0x0000000089400000|  0%| F|  |TAMS 0x0000000089300000, 0x0000000089300000| Untracked 
|  80|0x0000000089400000, 0x0000000089400000, 0x0000000089500000|  0%| F|  |TAMS 0x0000000089400000, 0x0000000089400000| Untracked 
|  81|0x0000000089500000, 0x0000000089500000, 0x0000000089600000|  0%| F|  |TAMS 0x0000000089500000, 0x0000000089500000| Untracked 
|  82|0x0000000089600000, 0x0000000089600000, 0x0000000089700000|  0%| F|  |TAMS 0x0000000089600000, 0x0000000089600000| Untracked 
|  83|0x0000000089700000, 0x0000000089700000, 0x0000000089800000|  0%| F|  |TAMS 0x0000000089700000, 0x0000000089700000| Untracked 
|  84|0x0000000089800000, 0x0000000089800000, 0x0000000089900000|  0%| F|  |TAMS 0x0000000089800000, 0x0000000089800000| Untracked 
|  85|0x0000000089900000, 0x0000000089900000, 0x0000000089a00000|  0%| F|  |TAMS 0x0000000089900000, 0x0000000089900000| Untracked 
|  86|0x0000000089a00000, 0x0000000089a00000, 0x0000000089b00000|  0%| F|  |TAMS 0x0000000089a00000, 0x0000000089a00000| Untracked 
|  87|0x0000000089b00000, 0x0000000089b00000, 0x0000000089c00000|  0%| F|  |TAMS 0x0000000089b00000, 0x0000000089b00000| Untracked 
|  88|0x0000000089c00000, 0x0000000089c00000, 0x0000000089d00000|  0%| F|  |TAMS 0x0000000089c00000, 0x0000000089c00000| Untracked 
|  89|0x0000000089d00000, 0x0000000089d00000, 0x0000000089e00000|  0%| F|  |TAMS 0x0000000089d00000, 0x0000000089d00000| Untracked 
|  90|0x0000000089e00000, 0x0000000089e00000, 0x0000000089f00000|  0%| F|  |TAMS 0x0000000089e00000, 0x0000000089e00000| Untracked 
|  91|0x0000000089f00000, 0x0000000089f00000, 0x000000008a000000|  0%| F|  |TAMS 0x0000000089f00000, 0x0000000089f00000| Untracked 
|  92|0x000000008a000000, 0x000000008a000000, 0x000000008a100000|  0%| F|  |TAMS 0x000000008a000000, 0x000000008a000000| Untracked 
|  93|0x000000008a100000, 0x000000008a100000, 0x000000008a200000|  0%| F|  |TAMS 0x000000008a100000, 0x000000008a100000| Untracked 
|  94|0x000000008a200000, 0x000000008a200000, 0x000000008a300000|  0%| F|  |TAMS 0x000000008a200000, 0x000000008a200000| Untracked 
|  95|0x000000008a300000, 0x000000008a300000, 0x000000008a400000|  0%| F|  |TAMS 0x000000008a300000, 0x000000008a300000| Untracked 
|  96|0x000000008a400000, 0x000000008a400000, 0x000000008a500000|  0%| F|  |TAMS 0x000000008a400000, 0x000000008a400000| Untracked 
|  97|0x000000008a500000, 0x000000008a500000, 0x000000008a600000|  0%| F|  |TAMS 0x000000008a500000, 0x000000008a500000| Untracked 
|  98|0x000000008a600000, 0x000000008a600000, 0x000000008a700000|  0%| F|  |TAMS 0x000000008a600000, 0x000000008a600000| Untracked 
| 123|0x000000008bf00000, 0x000000008bf00000, 0x000000008c000000|  0%| F|  |TAMS 0x000000008bf00000, 0x000000008bf00000| Untracked 

Card table byte_map: [0x000001a322870000,0x000001a322c50000] _byte_map_base: 0x000001a32244e000

Marking Bits (Prev, Next): (CMBitMap*) 0x000001a30b9635b0, (CMBitMap*) 0x000001a30b963570
 Prev Bits: [0x000001a324f20000, 0x000001a326e10000)
 Next Bits: [0x000001a323030000, 0x000001a324f20000)

Polling page: 0x000001a30b0f0000

Metaspace:

Usage:
  Non-class:     67.37 MB used.
      Class:      8.51 MB used.
       Both:     75.88 MB used.

Virtual space:
  Non-class space:       72.00 MB reserved,      67.56 MB ( 94%) committed,  9 nodes.
      Class space:        1.00 GB reserved,       8.62 MB ( <1%) committed,  1 nodes.
             Both:        1.07 GB reserved,      76.19 MB (  7%) committed. 

Chunk freelists:
   Non-Class:  400.00 KB
       Class:  3.20 MB
        Both:  3.59 MB

MaxMetaspaceSize: unlimited
CompressedClassSpaceSize: 1.00 GB
Initial GC threshold: 21.00 MB
Current GC threshold: 116.19 MB
CDS: on
MetaspaceReclaimPolicy: balanced
 - commit_granule_bytes: 65536.
 - commit_granule_words: 8192.
 - virtual_space_node_default_size: 1048576.
 - enlarge_chunks_in_place: 1.
 - new_chunks_are_fully_committed: 0.
 - uncommit_free_chunks: 1.
 - use_allocation_guard: 0.
 - handle_deallocations: 1.


Internal statistics:

num_allocs_failed_limit: 6.
num_arena_births: 378.
num_arena_deaths: 0.
num_vsnodes_births: 10.
num_vsnodes_deaths: 0.
num_space_committed: 1217.
num_space_uncommitted: 0.
num_chunks_returned_to_freelist: 6.
num_chunks_taken_from_freelist: 3140.
num_chunk_merges: 6.
num_chunk_splits: 2551.
num_chunks_enlarged: 2261.
num_purges: 0.
num_inconsistent_stats: 0.

CodeHeap 'non-profiled nmethods': size=120000Kb used=4630Kb max_used=4965Kb free=115369Kb
 bounds [0x000001a31ac30000, 0x000001a31b110000, 0x000001a322160000]
CodeHeap 'profiled nmethods': size=120000Kb used=33756Kb max_used=34915Kb free=86243Kb
 bounds [0x000001a313700000, 0x000001a315920000, 0x000001a31ac30000]
CodeHeap 'non-nmethods': size=5760Kb used=1434Kb max_used=1482Kb free=4325Kb
 bounds [0x000001a313160000, 0x000001a3133d0000, 0x000001a313700000]
 total_blobs=11913 nmethods=11160 adapters=660
 compilation: enabled
              stopped_count=0, restarted_count=0
 full_count=0

Compilation events (20 events):
Event: 32.353 Thread 0x000001a329806450 12951       3       org.jetbrains.kotlin.builtins.PrimitiveType$Companion::getByShortArrayName (231 bytes)
Event: 32.354 Thread 0x000001a329806450 nmethod 12951 0x000001a314373890 code [0x000001a314373ba0, 0x000001a314374968]
Event: 32.377 Thread 0x000001a329806450 12953       3       org.jetbrains.kotlin.ir.types.impl.IrSimpleTypeImplKt::makeTypeProjection (163 bytes)
Event: 32.380 Thread 0x000001a329806450 nmethod 12953 0x000001a315101510 code [0x000001a315101b60, 0x000001a315105268]
Event: 32.397 Thread 0x000001a3298059b0 12954       4       jdk.internal.loader.ClassLoaders$AppClassLoader::loadClass (40 bytes)
Event: 32.397 Thread 0x000001a329806450 12955       3       org.jetbrains.kotlin.backend.jvm.mapping.MethodSignatureMapper::writeParameter (21 bytes)
Event: 32.397 Thread 0x000001a329806450 nmethod 12955 0x000001a3138bba10 code [0x000001a3138bbbe0, 0x000001a3138bbec8]
Event: 32.397 Thread 0x000001a329806450 12956       3       org.jetbrains.kotlin.backend.jvm.mapping.MethodSignatureMapper::writeParameterType (150 bytes)
Event: 32.399 Thread 0x000001a3298059b0 nmethod 12954 0x000001a31ae3b210 code [0x000001a31ae3b3a0, 0x000001a31ae3b518]
Event: 32.399 Thread 0x000001a3298059b0 12958       4       java.lang.AbstractStringBuilder::append (63 bytes)
Event: 32.400 Thread 0x000001a329806450 nmethod 12956 0x000001a314fd8d10 code [0x000001a314fd92a0, 0x000001a314fdbec8]
Event: 32.400 Thread 0x000001a329806450 12957       3       org.jetbrains.kotlin.ir.types.IrTypePredicatesKt::isUnit (14 bytes)
Event: 32.401 Thread 0x000001a329806450 nmethod 12957 0x000001a31374ac10 code [0x000001a31374ae40, 0x000001a31374b4e8]
Event: 32.401 Thread 0x000001a329806450 12959       3       org.jetbrains.kotlin.backend.jvm.mapping.MethodSignatureMapper::shouldBoxSingleValueParameterForSpecialCaseOfRemove (214 bytes)
Event: 32.403 Thread 0x000001a329806450 nmethod 12959 0x000001a314af2190 code [0x000001a314af2700, 0x000001a314af51e8]
Event: 32.403 Thread 0x000001a329806450 12960       3       org.jetbrains.kotlin.backend.jvm.ir.JvmIrTypeUtilsKt::eraseTypeParameters (548 bytes)
Event: 32.406 Thread 0x000001a329806450 nmethod 12960 0x000001a313df1a90 code [0x000001a313df2100, 0x000001a313df6088]
Event: 32.406 Thread 0x000001a3298059b0 nmethod 12958 0x000001a31ae3a410 code [0x000001a31ae3a5c0, 0x000001a31ae3add8]
Event: 32.406 Thread 0x000001a329806450 12961       3       org.jetbrains.kotlin.ir.declarations.IrDeclarationsKt::getInlineClassRepresentation (27 bytes)
Event: 32.407 Thread 0x000001a329806450 nmethod 12961 0x000001a313ab8010 code [0x000001a313ab8240, 0x000001a313ab8b08]

GC Heap History (20 events):
Event: 19.818 GC heap after
{Heap after GC invocations=20 (full 0):
 garbage-first heap   total 73728K, used 43403K [0x0000000084400000, 0x0000000100000000)
  region size 1024K, 3 young (3072K), 3 survivors (3072K)
 Metaspace       used 55336K, committed 55616K, reserved 1105920K
  class space    used 6628K, committed 6784K, reserved 1048576K
}
Event: 22.162 GC heap before
{Heap before GC invocations=20 (full 0):
 garbage-first heap   total 73728K, used 58763K [0x0000000084400000, 0x0000000100000000)
  region size 1024K, 18 young (18432K), 3 survivors (3072K)
 Metaspace       used 56547K, committed 56832K, reserved 1105920K
  class space    used 6700K, committed 6848K, reserved 1048576K
}
Event: 22.175 GC heap after
{Heap after GC invocations=21 (full 0):
 garbage-first heap   total 73728K, used 45181K [0x0000000084400000, 0x0000000100000000)
  region size 1024K, 2 young (2048K), 2 survivors (2048K)
 Metaspace       used 56547K, committed 56832K, reserved 1105920K
  class space    used 6700K, committed 6848K, reserved 1048576K
}
Event: 23.560 GC heap before
{Heap before GC invocations=22 (full 0):
 garbage-first heap   total 80896K, used 59517K [0x0000000084400000, 0x0000000100000000)
  region size 1024K, 16 young (16384K), 2 survivors (2048K)
 Metaspace       used 56841K, committed 57152K, reserved 1105920K
  class space    used 6707K, committed 6848K, reserved 1048576K
}
Event: 23.570 GC heap after
{Heap after GC invocations=23 (full 0):
 garbage-first heap   total 80896K, used 46348K [0x0000000084400000, 0x0000000100000000)
  region size 1024K, 2 young (2048K), 2 survivors (2048K)
 Metaspace       used 56841K, committed 57152K, reserved 1105920K
  class space    used 6707K, committed 6848K, reserved 1048576K
}
Event: 26.500 GC heap before
{Heap before GC invocations=23 (full 0):
 garbage-first heap   total 80896K, used 65804K [0x0000000084400000, 0x0000000100000000)
  region size 1024K, 21 young (21504K), 2 survivors (2048K)
 Metaspace       used 57453K, committed 57792K, reserved 1105920K
  class space    used 6727K, committed 6848K, reserved 1048576K
}
Event: 26.514 GC heap after
{Heap after GC invocations=24 (full 0):
 garbage-first heap   total 80896K, used 48552K [0x0000000084400000, 0x0000000100000000)
  region size 1024K, 3 young (3072K), 3 survivors (3072K)
 Metaspace       used 57453K, committed 57792K, reserved 1105920K
  class space    used 6727K, committed 6848K, reserved 1048576K
}
Event: 27.516 GC heap before
{Heap before GC invocations=25 (full 0):
 garbage-first heap   total 83968K, used 65960K [0x0000000084400000, 0x0000000100000000)
  region size 1024K, 20 young (20480K), 3 survivors (3072K)
 Metaspace       used 58875K, committed 59200K, reserved 1105920K
  class space    used 6856K, committed 6976K, reserved 1048576K
}
Event: 27.540 GC heap after
{Heap after GC invocations=26 (full 0):
 garbage-first heap   total 83968K, used 49555K [0x0000000084400000, 0x0000000100000000)
  region size 1024K, 1 young (1024K), 1 survivors (1024K)
 Metaspace       used 58875K, committed 59200K, reserved 1105920K
  class space    used 6856K, committed 6976K, reserved 1048576K
}
Event: 28.459 GC heap before
{Heap before GC invocations=26 (full 0):
 garbage-first heap   total 83968K, used 67987K [0x0000000084400000, 0x0000000100000000)
  region size 1024K, 20 young (20480K), 1 survivors (1024K)
 Metaspace       used 62931K, committed 63232K, reserved 1105920K
  class space    used 7286K, committed 7424K, reserved 1048576K
}
Event: 28.467 GC heap after
{Heap after GC invocations=27 (full 0):
 garbage-first heap   total 83968K, used 50824K [0x0000000084400000, 0x0000000100000000)
  region size 1024K, 3 young (3072K), 3 survivors (3072K)
 Metaspace       used 62931K, committed 63232K, reserved 1105920K
  class space    used 7286K, committed 7424K, reserved 1048576K
}
Event: 29.347 GC heap before
{Heap before GC invocations=28 (full 0):
 garbage-first heap   total 89088K, used 68232K [0x0000000084400000, 0x0000000100000000)
  region size 1024K, 20 young (20480K), 3 survivors (3072K)
 Metaspace       used 65867K, committed 66176K, reserved 1114112K
  class space    used 7598K, committed 7744K, reserved 1048576K
}
Event: 29.361 GC heap after
{Heap after GC invocations=29 (full 0):
 garbage-first heap   total 89088K, used 52357K [0x0000000084400000, 0x0000000100000000)
  region size 1024K, 3 young (3072K), 3 survivors (3072K)
 Metaspace       used 65867K, committed 66176K, reserved 1114112K
  class space    used 7598K, committed 7744K, reserved 1048576K
}
Event: 30.330 GC heap before
{Heap before GC invocations=29 (full 0):
 garbage-first heap   total 89088K, used 72837K [0x0000000084400000, 0x0000000100000000)
  region size 1024K, 24 young (24576K), 3 survivors (3072K)
 Metaspace       used 70738K, committed 71040K, reserved 1114112K
  class space    used 8102K, committed 8256K, reserved 1048576K
}
Event: 30.347 GC heap after
{Heap after GC invocations=30 (full 0):
 garbage-first heap   total 89088K, used 53638K [0x0000000084400000, 0x0000000100000000)
  region size 1024K, 3 young (3072K), 3 survivors (3072K)
 Metaspace       used 70738K, committed 71040K, reserved 1114112K
  class space    used 8102K, committed 8256K, reserved 1048576K
}
Event: 31.353 GC heap before
{Heap before GC invocations=31 (full 0):
 garbage-first heap   total 94208K, used 72070K [0x0000000084400000, 0x0000000100000000)
  region size 1024K, 22 young (22528K), 3 survivors (3072K)
 Metaspace       used 74537K, committed 74816K, reserved 1122304K
  class space    used 8454K, committed 8576K, reserved 1048576K
}
Event: 31.365 GC heap after
{Heap after GC invocations=32 (full 0):
 garbage-first heap   total 94208K, used 54885K [0x0000000084400000, 0x0000000100000000)
  region size 1024K, 3 young (3072K), 3 survivors (3072K)
 Metaspace       used 74537K, committed 74816K, reserved 1122304K
  class space    used 8454K, committed 8576K, reserved 1048576K
}
Event: 31.475 GC heap before
{Heap before GC invocations=32 (full 0):
 garbage-first heap   total 94208K, used 55909K [0x0000000084400000, 0x0000000100000000)
  region size 1024K, 4 young (4096K), 3 survivors (3072K)
 Metaspace       used 74661K, committed 74944K, reserved 1122304K
  class space    used 8464K, committed 8576K, reserved 1048576K
}
Event: 31.494 GC heap after
{Heap after GC invocations=33 (full 0):
 garbage-first heap   total 94208K, used 54403K [0x0000000084400000, 0x0000000100000000)
  region size 1024K, 1 young (1024K), 1 survivors (1024K)
 Metaspace       used 74661K, committed 74944K, reserved 1122304K
  class space    used 8464K, committed 8576K, reserved 1048576K
}
Event: 32.410 GC heap before
{Heap before GC invocations=33 (full 0):
 garbage-first heap   total 94208K, used 67715K [0x0000000084400000, 0x0000000100000000)
  region size 1024K, 15 young (15360K), 1 survivors (1024K)
 Metaspace       used 77701K, committed 78016K, reserved 1122304K
  class space    used 8712K, committed 8832K, reserved 1048576K
}

Deoptimization events (20 events):
Event: 32.273 Thread 0x000001a30b923e40 Uncommon trap: trap_request=0xffffff45 fr.pc=0x000001a31ae1251c relative=0x000000000000069c
Event: 32.273 Thread 0x000001a30b923e40 Uncommon trap: reason=unstable_if action=reinterpret pc=0x000001a31ae1251c method=org.jetbrains.kotlin.protobuf.SmallSortedMap.entrySet()Ljava/util/Set; @ 4 c2
Event: 32.273 Thread 0x000001a30b923e40 DEOPT PACKING pc=0x000001a31ae1251c sp=0x000000642d7fda20
Event: 32.273 Thread 0x000001a30b923e40 DEOPT UNPACKING pc=0x000001a3131b5c23 sp=0x000000642d7fd840 mode 2
Event: 32.273 Thread 0x000001a30b923e40 Uncommon trap: trap_request=0xffffff45 fr.pc=0x000001a31af83ed8 relative=0x00000000000016f8
Event: 32.273 Thread 0x000001a30b923e40 Uncommon trap: reason=unstable_if action=reinterpret pc=0x000001a31af83ed8 method=org.jetbrains.kotlin.protobuf.SmallSortedMap.entrySet()Ljava/util/Set; @ 4 c2
Event: 32.273 Thread 0x000001a30b923e40 DEOPT PACKING pc=0x000001a31af83ed8 sp=0x000000642d7fd9f0
Event: 32.273 Thread 0x000001a30b923e40 DEOPT UNPACKING pc=0x000001a3131b5c23 sp=0x000000642d7fd7c8 mode 2
Event: 32.273 Thread 0x000001a30b923e40 Uncommon trap: trap_request=0xffffff45 fr.pc=0x000001a31ae14538 relative=0x0000000000000738
Event: 32.273 Thread 0x000001a30b923e40 Uncommon trap: reason=unstable_if action=reinterpret pc=0x000001a31ae14538 method=org.jetbrains.kotlin.protobuf.SmallSortedMap.entrySet()Ljava/util/Set; @ 4 c2
Event: 32.273 Thread 0x000001a30b923e40 DEOPT PACKING pc=0x000001a31ae14538 sp=0x000000642d7fd950
Event: 32.273 Thread 0x000001a30b923e40 DEOPT UNPACKING pc=0x000001a3131b5c23 sp=0x000000642d7fd850 mode 2
Event: 32.273 Thread 0x000001a30b923e40 Uncommon trap: trap_request=0xffffff45 fr.pc=0x000001a31ae15138 relative=0x0000000000000218
Event: 32.273 Thread 0x000001a30b923e40 Uncommon trap: reason=unstable_if action=reinterpret pc=0x000001a31ae15138 method=org.jetbrains.kotlin.protobuf.SmallSortedMap.entrySet()Ljava/util/Set; @ 4 c2
Event: 32.273 Thread 0x000001a30b923e40 DEOPT PACKING pc=0x000001a31ae15138 sp=0x000000642d7fd860
Event: 32.273 Thread 0x000001a30b923e40 DEOPT UNPACKING pc=0x000001a3131b5c23 sp=0x000000642d7fd7c0 mode 2
Event: 32.273 Thread 0x000001a30b923e40 Uncommon trap: trap_request=0xffffff45 fr.pc=0x000001a31ae15680 relative=0x0000000000000160
Event: 32.273 Thread 0x000001a30b923e40 Uncommon trap: reason=unstable_if action=reinterpret pc=0x000001a31ae15680 method=org.jetbrains.kotlin.protobuf.SmallSortedMap.entrySet()Ljava/util/Set; @ 4 c2
Event: 32.273 Thread 0x000001a30b923e40 DEOPT PACKING pc=0x000001a31ae15680 sp=0x000000642d7fd880
Event: 32.273 Thread 0x000001a30b923e40 DEOPT UNPACKING pc=0x000001a3131b5c23 sp=0x000000642d7fd840 mode 2

Classes unloaded (0 events):
No events

Classes redefined (0 events):
No events

Internal exceptions (20 events):
Event: 14.297 Thread 0x000001a30b923e40 Implicit null exception at 0x000001a31ad2959e to 0x000001a31ad29718
Event: 14.298 Thread 0x000001a30b923e40 Implicit null exception at 0x000001a31ac94e58 to 0x000001a31ac94eee
Event: 14.337 Thread 0x000001a30b923e40 Exception <a 'java/lang/NoSuchMethodError'{0x0000000087a95740}: 'java.lang.Object java.lang.invoke.DirectMethodHandle$Holder.invokeInterface(java.lang.Object, java.lang.Object, java.lang.Object)'> (0x0000000087a95740) 
thrown [t:\workspace\open\src\hotspot\share\interpreter\linkResolver.cpp, line 766]
Event: 14.338 Thread 0x000001a30b923e40 Exception <a 'java/lang/IncompatibleClassChangeError'{0x0000000087a990b0}: Found class java.lang.Object, but interface was expected> (0x0000000087a990b0) 
thrown [t:\workspace\open\src\hotspot\share\interpreter\linkResolver.cpp, line 833]
Event: 14.363 Thread 0x000001a30b923e40 Implicit null exception at 0x000001a31ac4c2f2 to 0x000001a31ac4c94c
Event: 14.365 Thread 0x000001a30b923e40 Implicit null exception at 0x000001a31ac8230f to 0x000001a31ac82389
Event: 14.794 Thread 0x000001a30b923e40 Exception <a 'java/lang/NoSuchMethodError'{0x00000000876ede70}: 'void java.lang.invoke.DirectMethodHandle$Holder.invokeStatic(java.lang.Object, java.lang.Object, java.lang.Object)'> (0x00000000876ede70) 
thrown [t:\workspace\open\src\hotspot\share\interpreter\linkResolver.cpp, line 766]
Event: 14.853 Thread 0x000001a30b923e40 Exception <a 'java/lang/NoSuchMethodError'{0x000000008bf4e5c0}: 'java.lang.Object java.lang.invoke.DirectMethodHandle$Holder.newInvokeSpecial(java.lang.Object, java.lang.Object, java.lang.Object, java.lang.Object, java.lang.Object, java.lang.Object, java.lang.Object)'> (0x000000008bf4e5c0) 
thrown [t:\workspace\open\src\hotspot\share\interpreter\linkResolver.cpp, line 766]
Event: 14.853 Thread 0x000001a30b923e40 Exception <a 'java/lang/NoSuchMethodError'{0x000000008bf53178}: 'java.lang.Object java.lang.invoke.Invokers$Holder.linkToTargetMethod(java.lang.Object, java.lang.Object, java.lang.Object, java.lang.Object, java.lang.Object, java.lang.Object, java.lang.Object)'> (0x000000008bf53178) 
thrown [t:\workspace\open\src\hotspot\share\interpreter\linkResolver.cpp, line 766]
Event: 16.096 Thread 0x000001a30b923e40 Exception <a 'java/lang/NoSuchMethodError'{0x0000000087c27aa8}: 'java.lang.Object java.lang.invoke.DirectMethodHandle$Holder.newInvokeSpecial(java.lang.Object, int, java.lang.Object, java.lang.Object)'> (0x0000000087c27aa8) 
thrown [t:\workspace\open\src\hotspot\share\interpreter\linkResolver.cpp, line 766]
Event: 16.096 Thread 0x000001a30b923e40 Exception <a 'java/lang/NoSuchMethodError'{0x0000000087c2c748}: 'java.lang.Object java.lang.invoke.DirectMethodHandle$Holder.invokeSpecial(java.lang.Object, java.lang.Object, int, java.lang.Object, java.lang.Object)'> (0x0000000087c2c748) 
thrown [t:\workspace\open\src\hotspot\share\interpreter\linkResolver.cpp, line 766]
Event: 21.903 Thread 0x000001a30b923e40 Exception <a 'java/lang/NoSuchMethodError'{0x0000000087f69a50}: 'void java.lang.invoke.DirectMethodHandle$Holder.invokeInterface(java.lang.Object, java.lang.Object)'> (0x0000000087f69a50) 
thrown [t:\workspace\open\src\hotspot\share\interpreter\linkResolver.cpp, line 766]
Event: 27.150 Thread 0x000001a30b923e40 Implicit null exception at 0x000001a31acc1971 to 0x000001a31acc1b5c
Event: 27.808 Thread 0x000001a30b923e40 Exception <a 'java/lang/NoSuchMethodError'{0x000000008a33adc0}: 'java.lang.Object java.lang.invoke.DirectMethodHandle$Holder.invokeStaticInit(java.lang.Object, java.lang.Object, java.lang.Object, java.lang.Object)'> (0x000000008a33adc0) 
thrown [t:\workspace\open\src\hotspot\share\interpreter\linkResolver.cpp, line 766]
Event: 28.489 Thread 0x000001a30b923e40 Exception <a 'java/lang/NoSuchMethodError'{0x000000008bf8c810}: 'java.lang.Object java.lang.invoke.DirectMethodHandle$Holder.newInvokeSpecial(java.lang.Object, java.lang.Object, java.lang.Object, int, int)'> (0x000000008bf8c810) 
thrown [t:\workspace\open\src\hotspot\share\interpreter\linkResolver.cpp, line 766]
Event: 28.489 Thread 0x000001a30b923e40 Exception <a 'java/lang/NoSuchMethodError'{0x000000008bf90650}: 'java.lang.Object java.lang.invoke.DirectMethodHandle$Holder.invokeSpecial(java.lang.Object, java.lang.Object, java.lang.Object, java.lang.Object, int, int)'> (0x000000008bf90650) 
thrown [t:\workspace\open\src\hotspot\share\interpreter\linkResolver.cpp, line 766]
Event: 28.578 Thread 0x000001a30b923e40 Exception <a 'java/lang/NoSuchMethodError'{0x000000008a63c750}: 'java.lang.Object java.lang.invoke.DirectMethodHandle$Holder.invokeStatic(java.lang.Object, java.lang.Object, java.lang.Object, int, int, java.lang.Object, java.lang.Object, java.lang.Object, java.lang.Object)'> (0x000000008a63c750) 
thrown [t:\workspace\open\src\hotspot\share\interpreter\linkResolver.cpp, line 766]
Event: 28.578 Thread 0x000001a30b923e40 Exception <a 'java/lang/NoSuchMethodError'{0x000000008a646a18}: 'java.lang.Object java.lang.invoke.DirectMethodHandle$Holder.newInvokeSpecial(java.lang.Object, java.lang.Object, java.lang.Object, int, int, java.lang.Object)'> (0x000000008a646a18) 
thrown [t:\workspace\open\src\hotspot\share\interpreter\linkResolver.cpp, line 766]
Event: 28.579 Thread 0x000001a30b923e40 Exception <a 'java/lang/NoSuchMethodError'{0x000000008a64e3b8}: 'java.lang.Object java.lang.invoke.Invokers$Holder.linkToTargetMethod(java.lang.Object, java.lang.Object, int, int, java.lang.Object, java.lang.Object)'> (0x000000008a64e3b8) 
thrown [t:\workspace\open\src\hotspot\share\interpreter\linkResolver.cpp, line 766]
Event: 29.086 Thread 0x000001a30b923e40 Exception <a 'java/lang/NoSuchMethodError'{0x000000008908c128}: 'java.lang.Object java.lang.invoke.DirectMethodHandle$Holder.invokeSpecial(java.lang.Object, java.lang.Object, int, int, java.lang.Object, java.lang.Object, java.lang.Object, java.lang.Object, java.lang.Object)'> (0x000000008908c128) 
thrown [t:\workspace\open\src\hotspot\share\interpreter\linkResolver.cpp, line 766]

VM Operations (20 events):
Event: 31.621 Executing VM operation: HandshakeAllThreads done
Event: 31.660 Executing VM operation: ICBufferFull
Event: 31.660 Executing VM operation: ICBufferFull done
Event: 31.742 Executing VM operation: HandshakeAllThreads
Event: 31.742 Executing VM operation: HandshakeAllThreads done
Event: 31.771 Executing VM operation: HandshakeAllThreads
Event: 31.771 Executing VM operation: HandshakeAllThreads done
Event: 31.786 Executing VM operation: HandshakeAllThreads
Event: 31.787 Executing VM operation: HandshakeAllThreads done
Event: 31.791 Executing VM operation: HandshakeAllThreads
Event: 31.791 Executing VM operation: HandshakeAllThreads done
Event: 32.201 Executing VM operation: HandshakeAllThreads
Event: 32.201 Executing VM operation: HandshakeAllThreads done
Event: 32.201 Executing VM operation: HandshakeAllThreads
Event: 32.201 Executing VM operation: HandshakeAllThreads done
Event: 32.245 Executing VM operation: HandshakeAllThreads
Event: 32.245 Executing VM operation: HandshakeAllThreads done
Event: 32.373 Executing VM operation: ICBufferFull
Event: 32.373 Executing VM operation: ICBufferFull done
Event: 32.410 Executing VM operation: G1TryInitiateConcMark

Events (20 events):
Event: 32.269 Thread 0x000001a3298075e0 flushing nmethod 0x000001a314f4f890
Event: 32.269 Thread 0x000001a3298075e0 flushing nmethod 0x000001a314fd8d10
Event: 32.269 Thread 0x000001a3298075e0 flushing nmethod 0x000001a315043090
Event: 32.269 Thread 0x000001a3298075e0 flushing nmethod 0x000001a315058010
Event: 32.269 Thread 0x000001a3298075e0 flushing nmethod 0x000001a315071290
Event: 32.270 Thread 0x000001a3298075e0 flushing nmethod 0x000001a315101510
Event: 32.271 Thread 0x000001a3298075e0 flushing nmethod 0x000001a31524dd90
Event: 32.271 Thread 0x000001a3298075e0 flushing nmethod 0x000001a315269510
Event: 32.271 Thread 0x000001a3298075e0 flushing nmethod 0x000001a3152ccc90
Event: 32.271 Thread 0x000001a3298075e0 flushing nmethod 0x000001a3152fa690
Event: 32.271 Thread 0x000001a3298075e0 flushing nmethod 0x000001a3152fc190
Event: 32.271 Thread 0x000001a3298075e0 flushing nmethod 0x000001a315302410
Event: 32.271 Thread 0x000001a3298075e0 flushing nmethod 0x000001a315303690
Event: 32.271 Thread 0x000001a3298075e0 flushing nmethod 0x000001a315306910
Event: 32.271 Thread 0x000001a3298075e0 flushing nmethod 0x000001a315307d90
Event: 32.271 Thread 0x000001a3298075e0 flushing nmethod 0x000001a315314f10
Event: 32.271 Thread 0x000001a3298075e0 flushing nmethod 0x000001a315319790
Event: 32.271 Thread 0x000001a3298075e0 flushing nmethod 0x000001a31533e610
Event: 32.271 Thread 0x000001a3298075e0 flushing nmethod 0x000001a31534c390
Event: 32.271 Thread 0x000001a3298075e0 flushing nmethod 0x000001a315359190


Dynamic libraries:
0x00007ff6b2910000 - 0x00007ff6b291e000 	D:\DoanVanNghiep_KLTN\jdk\jdk-17.0.2\bin\java.exe
0x00007fffe9070000 - 0x00007fffe9287000 	C:\WINDOWS\SYSTEM32\ntdll.dll
0x00007fffe85a0000 - 0x00007fffe8664000 	C:\WINDOWS\System32\KERNEL32.DLL
0x00007fffe6180000 - 0x00007fffe6553000 	C:\WINDOWS\System32\KERNELBASE.dll
0x00007fffe68c0000 - 0x00007fffe69d1000 	C:\WINDOWS\System32\ucrtbase.dll
0x00007fffdb730000 - 0x00007fffdb74a000 	D:\DoanVanNghiep_KLTN\jdk\jdk-17.0.2\bin\VCRUNTIME140.dll
0x00007fffdb750000 - 0x00007fffdb768000 	D:\DoanVanNghiep_KLTN\jdk\jdk-17.0.2\bin\jli.dll
0x00007fffe8b70000 - 0x00007fffe8d21000 	C:\WINDOWS\System32\USER32.dll
0x00007fffe6750000 - 0x00007fffe6776000 	C:\WINDOWS\System32\win32u.dll
0x00007fffd2740000 - 0x00007fffd29d8000 	C:\WINDOWS\WinSxS\amd64_microsoft.windows.common-controls_6595b64144ccf1df_6.0.22621.5124_none_270e8f4f7386d69d\COMCTL32.dll
0x00007fffe8f80000 - 0x00007fffe9027000 	C:\WINDOWS\System32\msvcrt.dll
0x00007fffe7cb0000 - 0x00007fffe7cd9000 	C:\WINDOWS\System32\GDI32.dll
0x00007fffe69e0000 - 0x00007fffe6afb000 	C:\WINDOWS\System32\gdi32full.dll
0x00007fffe6c70000 - 0x00007fffe6d0a000 	C:\WINDOWS\System32\msvcp_win.dll
0x00007fffe8f40000 - 0x00007fffe8f71000 	C:\WINDOWS\System32\IMM32.DLL
0x00007fffd0080000 - 0x00007fffd008c000 	D:\DoanVanNghiep_KLTN\jdk\jdk-17.0.2\bin\vcruntime140_1.dll
0x00007fffa4330000 - 0x00007fffa43bd000 	D:\DoanVanNghiep_KLTN\jdk\jdk-17.0.2\bin\msvcp140.dll
0x00007fff7c0e0000 - 0x00007fff7cca1000 	D:\DoanVanNghiep_KLTN\jdk\jdk-17.0.2\bin\server\jvm.dll
0x00007fffe7ce0000 - 0x00007fffe7d91000 	C:\WINDOWS\System32\ADVAPI32.dll
0x00007fffe8d30000 - 0x00007fffe8dd8000 	C:\WINDOWS\System32\sechost.dll
0x00007fffe6b00000 - 0x00007fffe6b28000 	C:\WINDOWS\System32\bcrypt.dll
0x00007fffe7e40000 - 0x00007fffe7f54000 	C:\WINDOWS\System32\RPCRT4.dll
0x00007fffe86d0000 - 0x00007fffe86d8000 	C:\WINDOWS\System32\PSAPI.DLL
0x00007fffd0070000 - 0x00007fffd0079000 	C:\WINDOWS\SYSTEM32\WSOCK32.dll
0x00007fffe8750000 - 0x00007fffe87c1000 	C:\WINDOWS\System32\WS2_32.dll
0x00007fffe04d0000 - 0x00007fffe0504000 	C:\WINDOWS\SYSTEM32\WINMM.dll
0x00007fffde1f0000 - 0x00007fffde1fa000 	C:\WINDOWS\SYSTEM32\VERSION.dll
0x00007fffe5170000 - 0x00007fffe5188000 	C:\WINDOWS\SYSTEM32\kernel.appcore.dll
0x00007fffd0060000 - 0x00007fffd006a000 	D:\DoanVanNghiep_KLTN\jdk\jdk-17.0.2\bin\jimage.dll
0x00007fffe3800000 - 0x00007fffe3a32000 	C:\WINDOWS\SYSTEM32\DBGHELP.DLL
0x00007fffe87d0000 - 0x00007fffe8b62000 	C:\WINDOWS\System32\combase.dll
0x00007fffe6e20000 - 0x00007fffe6ef7000 	C:\WINDOWS\System32\OLEAUT32.dll
0x00007fffcc620000 - 0x00007fffcc652000 	C:\WINDOWS\SYSTEM32\dbgcore.DLL
0x00007fffe6780000 - 0x00007fffe67fb000 	C:\WINDOWS\System32\bcryptPrimitives.dll
0x00007fffa4270000 - 0x00007fffa4295000 	D:\DoanVanNghiep_KLTN\jdk\jdk-17.0.2\bin\java.dll
0x00007fffa4190000 - 0x00007fffa4266000 	D:\DoanVanNghiep_KLTN\jdk\jdk-17.0.2\bin\jsvml.dll
0x00007fffe6f00000 - 0x00007fffe7796000 	C:\WINDOWS\System32\SHELL32.dll
0x00007fffe6b30000 - 0x00007fffe6c6f000 	C:\WINDOWS\System32\wintypes.dll
0x00007fffe4050000 - 0x00007fffe496a000 	C:\WINDOWS\SYSTEM32\windows.storage.dll
0x00007fffe8490000 - 0x00007fffe859a000 	C:\WINDOWS\System32\SHCORE.dll
0x00007fffe86e0000 - 0x00007fffe8743000 	C:\WINDOWS\System32\shlwapi.dll
0x00007fffe60b0000 - 0x00007fffe60db000 	C:\WINDOWS\SYSTEM32\profapi.dll
0x00007fffb6930000 - 0x00007fffb6949000 	D:\DoanVanNghiep_KLTN\jdk\jdk-17.0.2\bin\net.dll
0x00007fffe1730000 - 0x00007fffe185c000 	C:\WINDOWS\SYSTEM32\WINHTTP.dll
0x00007fffe55f0000 - 0x00007fffe565a000 	C:\WINDOWS\system32\mswsock.dll
0x00007fffa4170000 - 0x00007fffa4186000 	D:\DoanVanNghiep_KLTN\jdk\jdk-17.0.2\bin\nio.dll
0x00007fffa4150000 - 0x00007fffa4168000 	D:\DoanVanNghiep_KLTN\jdk\jdk-17.0.2\bin\zip.dll
0x00007fffd0050000 - 0x00007fffd0060000 	D:\DoanVanNghiep_KLTN\jdk\jdk-17.0.2\bin\verify.dll

dbghelp: loaded successfully - version: 4.0.5 - missing functions: none
symbol engine: initialized successfully - sym options: 0x614 - pdb path: .;D:\DoanVanNghiep_KLTN\jdk\jdk-17.0.2\bin;C:\WINDOWS\SYSTEM32;C:\WINDOWS\WinSxS\amd64_microsoft.windows.common-controls_6595b64144ccf1df_6.0.22621.5124_none_270e8f4f7386d69d;D:\DoanVanNghiep_KLTN\jdk\jdk-17.0.2\bin\server

VM Arguments:
java_command: org.jetbrains.kotlin.cli.jvm.K2JVMCompiler @D:\DoanVanNghiep_KLTN\fe_flutter_kltn\build\shared_preferences_android\20250419_15374811185981607105.compiler.options
java_class_path (initial): C:\Users\admin\.gradle\caches\modules-2\files-2.1\org.jetbrains.kotlin\kotlin-compiler-embeddable\1.8.22\e2cf111da088dc807a74157741b4cd4b664edfb7\kotlin-compiler-embeddable-1.8.22.jar;C:\Users\admin\.gradle\caches\modules-2\files-2.1\org.jetbrains.kotlin\kotlin-stdlib\1.8.22\636bf8b320e7627482771bbac9ed7246773c02bd\kotlin-stdlib-1.8.22.jar;C:\Users\admin\.gradle\caches\modules-2\files-2.1\org.jetbrains.kotlin\kotlin-script-runtime\1.8.22\ce5ff1f309623f8c1be5143bdba032c4a04cec3a\kotlin-script-runtime-1.8.22.jar;C:\Users\admin\.gradle\caches\modules-2\files-2.1\org.jetbrains.kotlin\kotlin-reflect\1.6.10\1cbe9c92c12a94eea200d23c2bbaedaf3daf5132\kotlin-reflect-1.6.10.jar;C:\Users\admin\.gradle\caches\modules-2\files-2.1\org.jetbrains.kotlin\kotlin-daemon-embeddable\1.8.22\7d9f7e06a59d2fcbc9b373400c146f42fd722e81\kotlin-daemon-embeddable-1.8.22.jar;C:\Users\admin\.gradle\caches\modules-2\files-2.1\org.jetbrains.intellij.deps\trove4j\1.0.20200330\3afb14d5f9ceb459d724e907a21145e8ff394f02\trove4j-1.0.20200330.jar;C:\Users\admin\.gradle\caches\modules-2\files-2.1\net.java.dev.jna\jna\5.6.0\330f2244e9030119ab3030fc3fededc86713d9cc\jna-5.6.0.jar;C:\Users\admin\.gradle\caches\modules-2\files-2.1\org.jetbrains.kotlin\kotlin-stdlib-common\1.8.22\1a8e3601703ae14bb58757ea6b2d8e8e5935a586\kotlin-stdlib-common-1.8.22.jar;C:\Users\admin\.gradle\caches\modules-2\files-2.1\org.jetbrains\annotations\13.0\919f0dfe192fb4e063e7dacadee7f8bb9a2672a9\annotations-13.0.jar
Launcher Type: SUN_STANDARD

[Global flags]
     intx CICompilerCount                          = 4                                         {product} {ergonomic}
     uint ConcGCThreads                            = 2                                         {product} {ergonomic}
     uint G1ConcRefinementThreads                  = 8                                         {product} {ergonomic}
   size_t G1HeapRegionSize                         = 1048576                                   {product} {ergonomic}
    uintx GCDrainStackTargetSize                   = 64                                        {product} {ergonomic}
   size_t InitialHeapSize                          = 130023424                                 {product} {ergonomic}
   size_t MarkStackSize                            = 4194304                                   {product} {ergonomic}
   size_t MaxHeapSize                              = 2076180480                                {product} {ergonomic}
   size_t MaxNewSize                               = 1245708288                                {product} {ergonomic}
   size_t MinHeapDeltaBytes                        = 1048576                                   {product} {ergonomic}
   size_t MinHeapSize                              = 8388608                                   {product} {ergonomic}
    uintx NonNMethodCodeHeapSize                   = 5839372                                {pd product} {ergonomic}
    uintx NonProfiledCodeHeapSize                  = 122909434                              {pd product} {ergonomic}
    uintx ProfiledCodeHeapSize                     = 122909434                              {pd product} {ergonomic}
    uintx ReservedCodeCacheSize                    = 251658240                              {pd product} {ergonomic}
     bool SegmentedCodeCache                       = true                                      {product} {ergonomic}
   size_t SoftMaxHeapSize                          = 2076180480                             {manageable} {ergonomic}
     bool UseCompressedClassPointers               = true                           {product lp64_product} {ergonomic}
     bool UseCompressedOops                        = true                           {product lp64_product} {ergonomic}
     bool UseG1GC                                  = true                                      {product} {ergonomic}
     bool UseLargePagesIndividualAllocation        = false                                  {pd product} {ergonomic}

Logging:
Log output configuration:
 #0: stdout all=warning uptime,level,tags
 #1: stderr all=off uptime,level,tags

Environment Variables:
JAVA_HOME=D:\DoanVanNghiep_KLTN\jdk\jdk-17.0.2
CLASSPATH=D:\DoanVanNghiep_KLTN\fe_flutter_kltn\android\\gradle\wrapper\gradle-wrapper.jar
PATH=D:\DoanVanNghiep_KLTN\jdk\jdk-17.0.2\bin;C:\WINDOWS\system32;C:\WINDOWS;C:\WINDOWS\System32\Wbem;C:\WINDOWS\System32\WindowsPowerShell\v1.0\;C:\WINDOWS\System32\OpenSSH\;D:\New folder\;C:\Program Files\Git\cmd;D:\DoanVanNghiep_KLTN\flutter\bin;D:\DoanVanNghiep_KLTN\jdk\jdk-17.0.2\bin;C:\Users\admin\AppData\Local\Microsoft\WindowsApps;;C:\Users\admin\AppData\Roaming\npm;D:\DoanVanNghiep_KLTN\flutter\bin\mingit\cmd
USERNAME=admin
OS=Windows_NT
PROCESSOR_IDENTIFIER=Intel64 Family 6 Model 140 Stepping 1, GenuineIntel



---------------  S Y S T E M  ---------------

OS:
 Windows 11 , 64 bit Build 22621 (10.0.22621.5124)
OS uptime: 2 days 12:21 hours
Hyper-V role detected

CPU: total 8 (initial active 8) (4 cores per cpu, 2 threads per core) family 6 model 140 stepping 1 microcode 0xba, cx8, cmov, fxsr, ht, mmx, 3dnowpref, sse, sse2, sse3, ssse3, sse4.1, sse4.2, popcnt, lzcnt, tsc, tscinvbit, avx, avx2, aes, erms, clmul, bmi1, bmi2, adx, avx512f, avx512dq, avx512cd, avx512bw, avx512vl, sha, fma, vzeroupper, avx512_vpopcntdq, avx512_vpclmulqdq, avx512_vaes, avx512_vnni, clflush, clflushopt, clwb, avx512_vbmi2, avx512_vbmi, hv

Memory: 4k page, system-wide physical 7914M (76M free)
TotalPageFile size 20900M (AvailPageFile size 12M)
current process WorkingSet (physical memory assigned to process): 270M, peak: 270M
current process commit charge ("private bytes"): 356M, peak: 380M

vm_info: OpenJDK 64-Bit Server VM (17.0.2+8-86) for windows-amd64 JRE (17.0.2+8-86), built on Dec  7 2021 21:49:10 by "mach5one" with MS VC++ 16.8 / 16.9 (VS2019)

END.
